{"/Users/guoruipeng/Desktop/study/grp-react-ui-es/src/index.tsx": {"path":"/Users/guoruipeng/Desktop/study/grp-react-ui-es/src/index.tsx","statementMap":{},"fnMap":{},"branchMap":{},"s":{},"f":{},"b":{}}
,"/Users/guoruipeng/Desktop/study/grp-react-ui-es/src/components/Button/button.tsx": {"path":"/Users/guoruipeng/Desktop/study/grp-react-ui-es/src/components/Button/button.tsx","statementMap":{"0":{"start":{"line":22,"column":39},"end":{"line":61,"column":1}},"1":{"start":{"line":31,"column":6},"end":{"line":31,"column":11}},"2":{"start":{"line":33,"column":18},"end":{"line":37,"column":4}},"3":{"start":{"line":38,"column":2},"end":{"line":60,"column":3}},"4":{"start":{"line":39,"column":4},"end":{"line":48,"column":6}},"5":{"start":{"line":50,"column":4},"end":{"line":59,"column":6}}},"fnMap":{"0":{"name":"(anonymous_0)","decl":{"start":{"line":22,"column":39},"end":{"line":22,"column":40}},"loc":{"start":{"line":22,"column":50},"end":{"line":61,"column":1}},"line":22}},"branchMap":{"0":{"loc":{"start":{"line":24,"column":4},"end":{"line":24,"column":23}},"type":"default-arg","locations":[{"start":{"line":24,"column":14},"end":{"line":24,"column":23}}],"line":24},"1":{"loc":{"start":{"line":26,"column":4},"end":{"line":26,"column":20}},"type":"default-arg","locations":[{"start":{"line":26,"column":15},"end":{"line":26,"column":20}}],"line":26},"2":{"loc":{"start":{"line":36,"column":14},"end":{"line":36,"column":46}},"type":"binary-expr","locations":[{"start":{"line":36,"column":15},"end":{"line":36,"column":33}},{"start":{"line":36,"column":38},"end":{"line":36,"column":46}}],"line":36},"3":{"loc":{"start":{"line":38,"column":2},"end":{"line":60,"column":3}},"type":"if","locations":[{"start":{"line":38,"column":2},"end":{"line":60,"column":3}},{"start":{"line":49,"column":9},"end":{"line":60,"column":3}}],"line":38},"4":{"loc":{"start":{"line":38,"column":6},"end":{"line":38,"column":32}},"type":"binary-expr","locations":[{"start":{"line":38,"column":6},"end":{"line":38,"column":24}},{"start":{"line":38,"column":28},"end":{"line":38,"column":32}}],"line":38}},"s":{"0":1,"1":6,"2":6,"3":6,"4":1,"5":5},"f":{"0":6},"b":{"0":[4],"1":[5],"2":[6,1],"3":[1,5],"4":[6,1]},"_coverageSchema":"1a1c01bbd47fc00a2c39e90264f33305004495a9","hash":"9f30b035ef4d1ca11d122681d4046c9f9f7079aa"}
,"/Users/guoruipeng/Desktop/study/grp-react-ui-es/src/components/Button/index.tsx": {"path":"/Users/guoruipeng/Desktop/study/grp-react-ui-es/src/components/Button/index.tsx","statementMap":{},"fnMap":{},"branchMap":{},"s":{},"f":{},"b":{},"_coverageSchema":"1a1c01bbd47fc00a2c39e90264f33305004495a9","hash":"f768b452348f6fcb5d0d8c1de1f09734d5389e84"}
,"/Users/guoruipeng/Desktop/study/grp-react-ui-es/src/components/Progress/index.tsx": {"path":"/Users/guoruipeng/Desktop/study/grp-react-ui-es/src/components/Progress/index.tsx","statementMap":{},"fnMap":{},"branchMap":{},"s":{},"f":{},"b":{},"_coverageSchema":"1a1c01bbd47fc00a2c39e90264f33305004495a9","hash":"983ad446145b508b24656eebb37e83eac729212e"}
,"/Users/guoruipeng/Desktop/study/grp-react-ui-es/src/components/Progress/progress.tsx": {"path":"/Users/guoruipeng/Desktop/study/grp-react-ui-es/src/components/Progress/progress.tsx","statementMap":{"0":{"start":{"line":13,"column":36},"end":{"line":34,"column":1}},"1":{"start":{"line":20,"column":6},"end":{"line":20,"column":11}},"2":{"start":{"line":21,"column":2},"end":{"line":33,"column":4}}},"fnMap":{"0":{"name":"(anonymous_0)","decl":{"start":{"line":13,"column":36},"end":{"line":13,"column":37}},"loc":{"start":{"line":13,"column":47},"end":{"line":34,"column":1}},"line":13}},"branchMap":{"0":{"loc":{"start":{"line":16,"column":4},"end":{"line":16,"column":21}},"type":"default-arg","locations":[{"start":{"line":16,"column":19},"end":{"line":16,"column":21}}],"line":16},"1":{"loc":{"start":{"line":17,"column":4},"end":{"line":17,"column":19}},"type":"default-arg","locations":[{"start":{"line":17,"column":15},"end":{"line":17,"column":19}}],"line":17},"2":{"loc":{"start":{"line":19,"column":4},"end":{"line":19,"column":21}},"type":"default-arg","locations":[{"start":{"line":19,"column":12},"end":{"line":19,"column":21}}],"line":19},"3":{"loc":{"start":{"line":29,"column":11},"end":{"line":29,"column":106}},"type":"binary-expr","locations":[{"start":{"line":29,"column":11},"end":{"line":29,"column":19}},{"start":{"line":29,"column":23},"end":{"line":29,"column":106}}],"line":29}},"s":{"0":1,"1":4,"2":4},"f":{"0":4},"b":{"0":[3],"1":[2],"2":[3],"3":[4,2]},"_coverageSchema":"1a1c01bbd47fc00a2c39e90264f33305004495a9","hash":"40042098b87a86f448b6be87fdfa516386e5b4f0"}
,"/Users/guoruipeng/Desktop/study/grp-react-ui-es/src/utils/testUtil.js": {"path":"/Users/guoruipeng/Desktop/study/grp-react-ui-es/src/utils/testUtil.js","statementMap":{"0":{"start":{"line":1,"column":31},"end":{"line":3,"column":1}},"1":{"start":{"line":2,"column":2},"end":{"line":2,"column":46}}},"fnMap":{"0":{"name":"(anonymous_0)","decl":{"start":{"line":1,"column":31},"end":{"line":1,"column":32}},"loc":{"start":{"line":1,"column":49},"end":{"line":3,"column":1}},"line":1}},"branchMap":{},"s":{"0":2,"1":12},"f":{"0":12},"b":{},"_coverageSchema":"1a1c01bbd47fc00a2c39e90264f33305004495a9","hash":"69fcaf87dfa18d2fa292513b3a871a76a89d3dd5"}
}
