TN:
SF:src/index.tsx
FNF:0
FNH:0
LF:0
LH:0
BRF:0
BRH:0
end_of_record
TN:
SF:src/components/Button/button.tsx
FN:22,(anonymous_0)
FNF:1
FNH:1
FNDA:6,(anonymous_0)
DA:22,1
DA:31,6
DA:33,6
DA:38,6
DA:39,1
DA:50,5
LF:6
LH:6
BRDA:24,0,0,4
BRDA:26,1,0,5
BRDA:36,2,0,6
BRDA:36,2,1,1
BRDA:38,3,0,1
BRDA:38,3,1,5
BRDA:38,4,0,6
BRDA:38,4,1,1
BRF:8
BRH:8
end_of_record
TN:
SF:src/components/Button/index.tsx
FNF:0
FNH:0
LF:0
LH:0
BRF:0
BRH:0
end_of_record
TN:
SF:src/components/Progress/index.tsx
FNF:0
FNH:0
LF:0
LH:0
BRF:0
BRH:0
end_of_record
TN:
SF:src/components/Progress/progress.tsx
FN:13,(anonymous_0)
FNF:1
FNH:1
FNDA:4,(anonymous_0)
DA:13,1
DA:20,4
DA:21,4
LF:3
LH:3
BRDA:16,0,0,3
BRDA:17,1,0,2
BRDA:19,2,0,3
BRDA:29,3,0,4
BRDA:29,3,1,2
BRF:5
BRH:5
end_of_record
TN:
SF:src/utils/testUtil.js
FN:1,(anonymous_0)
FNF:1
FNH:1
FNDA:12,(anonymous_0)
DA:1,2
DA:2,12
LF:2
LH:2
BRF:0
BRH:0
end_of_record
